<?xml version="1.0" encoding="UTF-8"?>
<testng-results ignored="0" total="1" passed="1" failed="0" skipped="0">
  <reporter-output>
  </reporter-output>
  <suite started-at="2023-05-17T11:41:06 ICT" name="Default suite" finished-at="2023-05-17T11:41:19 ICT" duration-ms="12585">
    <groups>
    </groups>
    <test started-at="2023-05-17T11:41:06 ICT" name="Default test" finished-at="2023-05-17T11:41:19 ICT" duration-ms="12585">
      <class name="OrangeHRM_Duy.TestLoginAdmin">
        <test-method is-config="true" signature="BeforeTest()[pri:0, instance:OrangeHRM_Duy.TestLoginAdmin@4d5650ae]" started-at="2023-05-17T11:41:06 ICT" name="BeforeTest" finished-at="2023-05-17T11:41:14 ICT" duration-ms="8220" status="PASS">
          <reporter-output>
          </reporter-output>
        </test-method> <!-- BeforeTest -->
        <test-method signature="testLogin()[pri:0, instance:OrangeHRM_Duy.TestLoginAdmin@4d5650ae]" started-at="2023-05-17T11:41:14 ICT" name="testLogin" finished-at="2023-05-17T11:41:19 ICT" duration-ms="4129" status="PASS">
          <reporter-output>
          </reporter-output>
        </test-method> <!-- testLogin -->
        <test-method is-config="true" signature="AfterTest()[pri:0, instance:OrangeHRM_Duy.TestLoginAdmin@4d5650ae]" started-at="2023-05-17T11:41:19 ICT" name="AfterTest" finished-at="2023-05-17T11:41:19 ICT" duration-ms="210" status="PASS">
          <reporter-output>
          </reporter-output>
        </test-method> <!-- AfterTest -->
      </class> <!-- OrangeHRM_Duy.TestLoginAdmin -->
    </test> <!-- Default test -->
  </suite> <!-- Default suite -->
</testng-results>
